  glad.c
  main.cpp
glfw3d.lib(init.obj) : warning LNK4099: 未找到 PDB“”(使用“glfw3d.lib(init.obj)”或在“”中寻找)；正在链接对象，如同没有调试信息一样
glfw3d.lib(window.obj) : warning LNK4099: 未找到 PDB“”(使用“glfw3d.lib(window.obj)”或在“”中寻找)；正在链接对象，如同没有调试信息一样
glfw3d.lib(input.obj) : warning LNK4099: 未找到 PDB“”(使用“glfw3d.lib(input.obj)”或在“”中寻找)；正在链接对象，如同没有调试信息一样
glfw3d.lib(context.obj) : warning LNK4099: 未找到 PDB“”(使用“glfw3d.lib(context.obj)”或在“”中寻找)；正在链接对象，如同没有调试信息一样
glfw3d.lib(win32_time.obj) : warning LNK4099: 未找到 PDB“”(使用“glfw3d.lib(win32_time.obj)”或在“”中寻找)；正在链接对象，如同没有调试信息一样
glfw3d.lib(win32_thread.obj) : warning LNK4099: 未找到 PDB“”(使用“glfw3d.lib(win32_thread.obj)”或在“”中寻找)；正在链接对象，如同没有调试信息一样
glfw3d.lib(platform.obj) : warning LNK4099: 未找到 PDB“”(使用“glfw3d.lib(platform.obj)”或在“”中寻找)；正在链接对象，如同没有调试信息一样
glfw3d.lib(monitor.obj) : warning LNK4099: 未找到 PDB“”(使用“glfw3d.lib(monitor.obj)”或在“”中寻找)；正在链接对象，如同没有调试信息一样
glfw3d.lib(vulkan.obj) : warning LNK4099: 未找到 PDB“”(使用“glfw3d.lib(vulkan.obj)”或在“”中寻找)；正在链接对象，如同没有调试信息一样
glfw3d.lib(win32_init.obj) : warning LNK4099: 未找到 PDB“”(使用“glfw3d.lib(win32_init.obj)”或在“”中寻找)；正在链接对象，如同没有调试信息一样
glfw3d.lib(null_init.obj) : warning LNK4099: 未找到 PDB“”(使用“glfw3d.lib(null_init.obj)”或在“”中寻找)；正在链接对象，如同没有调试信息一样
glfw3d.lib(win32_module.obj) : warning LNK4099: 未找到 PDB“”(使用“glfw3d.lib(win32_module.obj)”或在“”中寻找)；正在链接对象，如同没有调试信息一样
glfw3d.lib(win32_monitor.obj) : warning LNK4099: 未找到 PDB“”(使用“glfw3d.lib(win32_monitor.obj)”或在“”中寻找)；正在链接对象，如同没有调试信息一样
glfw3d.lib(win32_window.obj) : warning LNK4099: 未找到 PDB“”(使用“glfw3d.lib(win32_window.obj)”或在“”中寻找)；正在链接对象，如同没有调试信息一样
glfw3d.lib(win32_joystick.obj) : warning LNK4099: 未找到 PDB“”(使用“glfw3d.lib(win32_joystick.obj)”或在“”中寻找)；正在链接对象，如同没有调试信息一样
glfw3d.lib(wgl_context.obj) : warning LNK4099: 未找到 PDB“”(使用“glfw3d.lib(wgl_context.obj)”或在“”中寻找)；正在链接对象，如同没有调试信息一样
glfw3d.lib(egl_context.obj) : warning LNK4099: 未找到 PDB“”(使用“glfw3d.lib(egl_context.obj)”或在“”中寻找)；正在链接对象，如同没有调试信息一样
glfw3d.lib(osmesa_context.obj) : warning LNK4099: 未找到 PDB“”(使用“glfw3d.lib(osmesa_context.obj)”或在“”中寻找)；正在链接对象，如同没有调试信息一样
glfw3d.lib(null_monitor.obj) : warning LNK4099: 未找到 PDB“”(使用“glfw3d.lib(null_monitor.obj)”或在“”中寻找)；正在链接对象，如同没有调试信息一样
glfw3d.lib(null_window.obj) : warning LNK4099: 未找到 PDB“”(使用“glfw3d.lib(null_window.obj)”或在“”中寻找)；正在链接对象，如同没有调试信息一样
glfw3d.lib(null_joystick.obj) : warning LNK4099: 未找到 PDB“”(使用“glfw3d.lib(null_joystick.obj)”或在“”中寻找)；正在链接对象，如同没有调试信息一样
  OpenglStudy.vcxproj -> E:\0_HanYin\czp\workspace\3D\code\demo\OpenGLStudy\OpenGLStudy\OpenGL\OpenglStudy\OpenglStudy\bin\x64\Debug\OpenglStudy.exe
